<?xml version="1.0" encoding="UTF-8"?>
<!-- Generated by org.testng.reporters.JUnitReportReporter -->
<testsuite hostname="DESKTOP-86SV3LD" failures="0" tests="1" name="eazydiner.eazydiner.Testcase4" time="18.732" errors="0" timestamp="2021-11-20T16:54:57 IST" skipped="0">
  <testcase classname="eazydiner.eazydiner.Testcase4" name="RestaurantSearch" time="18.732"/>
  <system-out/>
</testsuite> <!-- eazydiner.eazydiner.Testcase4 -->
