<?xml version="1.0" encoding="UTF-8"?>
<!-- Generated by org.testng.reporters.JUnitReportReporter -->
<testsuite hostname="DESKTOP-86SV3LD" failures="0" tests="1" name="eazydiner.eazydiner.Testcase1" time="13.900" errors="0" timestamp="2021-11-20T15:54:52 IST" skipped="0">
  <testcase classname="eazydiner.eazydiner.Testcase1" name="locatinSearch" time="13.900"/>
  <system-out/>
</testsuite> <!-- eazydiner.eazydiner.Testcase1 -->
