<?xml version="1.0" encoding="UTF-8"?>
<!-- Generated by org.testng.reporters.JUnitReportReporter -->
<testsuite hostname="DESKTOP-86SV3LD" failures="0" tests="1" name="eazydiner.eazydiner.Help" time="8.768" errors="0" timestamp="2021-11-20T16:38:57 IST" skipped="0">
  <testcase classname="eazydiner.eazydiner.Help" name="testHelpTC" time="8.768"/>
  <system-out/>
</testsuite> <!-- eazydiner.eazydiner.Help -->
