<?xml version="1.0" encoding="UTF-8"?>
<!-- Generated by org.testng.reporters.JUnitReportReporter -->
<testsuite hostname="DESKTOP-86SV3LD" failures="0" tests="1" name="eazydiner.eazydiner.AppTest" time="0.015" errors="0" timestamp="2021-11-20T15:57:29 IST" skipped="0">
  <testcase classname="eazydiner.eazydiner.AppTest" name="shouldAnswerWithTrue" time="0.015"/>
  <system-out/>
</testsuite> <!-- eazydiner.eazydiner.AppTest -->
